
/home/rafd/PRJ_tmp/UNDP_NY/vector_data/Vector_data/SDG5/C429_5.a.2/Countries_with_legal_framework_that_guarantees_womens_rights_to_land_ownership.dbf
OK countries_with_legal_framework_that_guarantees_womens_rights_to_land_ownership.dbf sdg_code: sdg05
error on file name hash 

/home/rafd/PRJ_tmp/UNDP_NY/vector_data/Vector_data/SDG5/C426_5.6.1/Proportion_of_women_with_informed_decisions_regarding_reproductive_health.dbf
OK proportion_of_women_with_informed_decisions_regarding_reproductive_health.dbf sdg_code: sdg05
error on file name hash 

/home/rafd/PRJ_tmp/UNDP_NY/vector_data/Vector_data/SDG5/C427_5.6.2/Provision_of_sexual_and_reproductive_health_care_and_education.dbf
OK provision_of_sexual_and_reproductive_health_care_and_education.dbf sdg_code: sdg05
error on file name hash 

/home/rafd/PRJ_tmp/UNDP_NY/vector_data/Vector_data/SDG5/C351._5.b.1/Proportion_of_individuals_who_own_a_mobilephone_Bothsexes.dbf
OK proportion_of_individuals_who_own_a_mobilephone_bothsexes.dbf sdg_code: sdg05
error on file name hash 

/home/rafd/PRJ_tmp/UNDP_NY/vector_data/Vector_data/SDG5/C424_5.5.1/C423_5.5.1.dbf
OK c423_5.5.1.dbf sdg_code: sdg05
error on file name hash 

/home/rafd/PRJ_tmp/UNDP_NY/vector_data/Vector_data/SDG5/C419._5.2.1/Proportion_of_women_subjected_to_spouse_violence_15_to_49years.dbf
OK proportion_of_women_subjected_to_spouse_violence_15_to_49years.dbf sdg_code: sdg05
error on file name hash 

/home/rafd/PRJ_tmp/UNDP_NY/vector_data/Vector_data/SDG5/C428_5.a.1/Womens_ownership_to_agricultural_land.dbf
OK womens_ownership_to_agricultural_land.dbf sdg_code: sdg05
error on file name hash 

/home/rafd/PRJ_tmp/UNDP_NY/vector_data/Vector_data/SDG5/C420_5.2.2/Proportion_of_women_subjected_to_spouse_violence_15years_and_older.dbf
OK proportion_of_women_subjected_to_spouse_violence_15years_and_older.dbf sdg_code: sdg05
error on file name hash 

/home/rafd/PRJ_tmp/UNDP_NY/vector_data/Vector_data/SDG5/C418._5.1.1/Legal_frameworks_that_promote_enforce_and_monitor_gender_equality.dbf
OK legal_frameworks_that_promote_enforce_and_monitor_gender_equality.dbf sdg_code: sdg05
error on file name hash 

/home/rafd/PRJ_tmp/UNDP_NY/vector_data/Vector_data/SDG5/C425_5.5.2/Proportion_of_women_in_managerial_positions.dbf
OK proportion_of_women_in_managerial_positions.dbf sdg_code: sdg05
error on file name hash 

/home/rafd/PRJ_tmp/UNDP_NY/vector_data/Vector_data/SDG5/C422_5.3.2/Proportion_of_girls_and_women_aged_who_have_undergone_genital_mutilation.dbf
OK proportion_of_girls_and_women_aged_who_have_undergone_genital_mutilation.dbf sdg_code: sdg05
error on file name hash 

/home/rafd/PRJ_tmp/UNDP_NY/vector_data/Vector_data/SDG5/C423_5.4.1/Time_Spent_On_Unpaid_Domestic_Work.dbf
OK time_spent_on_unpaid_domestic_work.dbf sdg_code: sdg05
error on file name hash 

/home/rafd/PRJ_tmp/UNDP_NY/vector_data/Vector_data/SDG5/C421._5.3.1/Proportion_of_women_married_before_18.dbf
OK proportion_of_women_married_before_18.dbf sdg_code: sdg05
error on file name hash 

/home/rafd/PRJ_tmp/UNDP_NY/vector_data/Vector_data/SDG5/C431_5.c.1/Extent_to_systems_in_place_for_gender_equality_and_womens_empowerment.dbf
OK extent_to_systems_in_place_for_gender_equality_and_womens_empowerment.dbf sdg_code: sdg05
error on file name hash 

/home/rafd/PRJ_tmp/UNDP_NY/vector_data/Vector_data/SDG8/Indicator_8.2.1:_Annual_growth_rate_of_real_GDP_per_employed_person_(percent)/Indicator_8_2_1__Series_SL_EMP_PCAP.dbf
OK indicator_8_2_1__series_sl_emp_pcap.dbf sdg_code: sdg08
error on file name hash 

/home/rafd/PRJ_tmp/UNDP_NY/vector_data/Vector_data/SDG8/Indicator_8.7.1:_Proportion_of_children_engaged_in_economic_activity__by_sex_and_age__(percent)/Indicator_8_7_1__Series_SL_TLF_CHLDEA.dbf
OK indicator_8_7_1__series_sl_tlf_chldea.dbf sdg_code: sdg08
error on file name hash 

/home/rafd/PRJ_tmp/UNDP_NY/vector_data/Vector_data/SDG8/Indicator_8.8.1:_Non-fatal_occupational_injuries_among_employees__by_sex_and_migrant_status_(per_100_000_employees)/Indicator_8_8_1__Series_SL_EMP_INJUR.dbf
OK indicator_8_8_1__series_sl_emp_injur.dbf sdg_code: sdg08
error on file name hash 

/home/rafd/PRJ_tmp/UNDP_NY/vector_data/Vector_data/SDG8/Indicator_8.9.1:_Tourism_direct_GDP_as_a_proportion_of_total_GDP_(percent)/Indicator_8_9_1__Series_ST_GDP_ZS.dbf
OK indicator_8_9_1__series_st_gdp_zs.dbf sdg_code: sdg08
error on file name hash 

/home/rafd/PRJ_tmp/UNDP_NY/vector_data/Vector_data/SDG8/Indicator_8.8.1:_Fatal_occupational_injuries_among_employees__by_sex_and_migrant_status_(per_100_000_employees)/Indicator_8_8_1__Series_SL_EMP_FTLINJUR.dbf
OK indicator_8_8_1__series_sl_emp_ftlinjur.dbf sdg_code: sdg08
error on file name hash 

/home/rafd/PRJ_tmp/UNDP_NY/vector_data/Vector_data/SDG8/Indicator_8.a.1:_Total_official_flows_(commitments)_for_Aid_for_Trade__by_donor_countries_(millions_of_constant_2019_United_States_dollars)/Indicator_8_a_1__Series_DC_TOF_TRDCMDL.dbf
OK indicator_8_a_1__series_dc_tof_trdcmdl.dbf sdg_code: sdg08
error on file name hash 

/home/rafd/PRJ_tmp/UNDP_NY/vector_data/Vector_data/SDG8/Indicator_8.1.1:_Annual_growth_rate_of_real_GDP_per_capita_(percent) (1)/Indicator_8_1_1__Series_NY_GDP_PCAP.dbf
OK indicator_8_1_1__series_ny_gdp_pcap.dbf sdg_code: sdg08
error on file name hash 

/home/rafd/PRJ_tmp/UNDP_NY/vector_data/Vector_data/SDG8/Indicator_8.10.1:_Number_of_commercial_bank_branches_per_100_000_adults/Indicator_8_10_1__Series_FB_CBK_BRCH.dbf
OK indicator_8_10_1__series_fb_cbk_brch.dbf sdg_code: sdg08
error on file name hash 

/home/rafd/PRJ_tmp/UNDP_NY/vector_data/Vector_data/SDG8/Indicator_8.10.1:_Number_of_automated_teller_machines_(ATMs)_per_100_000_adults/Indicator_8_10_1__Series_FB_ATM_TOTL.dbf
OK indicator_8_10_1__series_fb_atm_totl.dbf sdg_code: sdg08
error on file name hash 

/home/rafd/PRJ_tmp/UNDP_NY/vector_data/Vector_data/SDG8/Indicator_8.4.2:_Domestic_material_consumption__by_type_of_raw_material_(tonnes)/Indicator_8_4_2__Series_EN_MAT_DOMCMPT.dbf
OK indicator_8_4_2__series_en_mat_domcmpt.dbf sdg_code: sdg08
error on file name hash 

/home/rafd/PRJ_tmp/UNDP_NY/vector_data/Vector_data/SDG8/Indicator_8.a.1:_Total_official_flows_(disbursement)_for_Aid_for_Trade__by_recipient_countries_(millions_of_constant_2019_United_States_dollars)/Indicator_8_a_1__Series_DC_TOF_TRDDBML.dbf
OK indicator_8_a_1__series_dc_tof_trddbml.dbf sdg_code: sdg08
error on file name hash 

/home/rafd/PRJ_tmp/UNDP_NY/vector_data/Vector_data/SDG8/Indicator_8.3.1:_Proportion_of_informal_employment__by_sector_and_sex_(ILO_harmonized_estimates)_(percent)/Indicator_8_3_1__Series_SL_ISV_IFEM.dbf
OK indicator_8_3_1__series_sl_isv_ifem.dbf sdg_code: sdg08
error on file name hash 

/home/rafd/PRJ_tmp/UNDP_NY/vector_data/Vector_data/SDG8/Indicator_8.5.1:_Average_hourly_earnings_of_employees_by_sex_and_occupation_(local_currency)/Indicator_8_5_1__Series_SL_EMP_EARN.dbf
OK indicator_8_5_1__series_sl_emp_earn.dbf sdg_code: sdg08
error on file name hash 

/home/rafd/PRJ_tmp/UNDP_NY/vector_data/Vector_data/SDG8/Indicator_8.b.1:_Existence_of_a_developed_and_operationalized_national_strategy_for_youth_employment__as_a_distinct_strategy_or_as_part_of_a_national_employment_strategy/Indicator_8_b_1__Series_SL_CPA_YEMP.dbf
OK indicator_8_b_1__series_sl_cpa_yemp.dbf sdg_code: sdg08
error on file name hash 

/home/rafd/PRJ_tmp/UNDP_NY/vector_data/Vector_data/SDG8/Indicator_8.5.2:_Unemployment_rate__by_sex_and_disability_(percent)/Indicator_8_5_2__Series_SL_TLF_UEMDIS.dbf
OK indicator_8_5_2__series_sl_tlf_uemdis.dbf sdg_code: sdg08
error on file name hash 

/home/rafd/PRJ_tmp/UNDP_NY/vector_data/Vector_data/SDG8/Indicator_8.10.2:_Proportion_of_adults_(15_years_and_older)_with_an_account_at_a_financial_institution_or_mobile-money-service_provider__by_sex_(percent_of_adults_aged_15_years_and_older)/Indicator_8_10_2__Series_FB_BNK_ACCSS.dbf
OK indicator_8_10_2__series_fb_bnk_accss.dbf sdg_code: sdg08
error on file name hash 

/home/rafd/PRJ_tmp/UNDP_NY/vector_data/Vector_data/SDG8/Indicator_8.6.1:_Proportion_of_youth_not_in_education__employment_or_training__by_sex_and_age_(percent)/Indicator_8_6_1__Series_SL_TLF_NEET.dbf
OK indicator_8_6_1__series_sl_tlf_neet.dbf sdg_code: sdg08
error on file name hash 

/home/rafd/PRJ_tmp/UNDP_NY/vector_data/Vector_data/SDG1/1.5.2/Direct_economic_loss_due_to_disasters_by_GDP.dbf
OK direct_economic_loss_due_to_disasters_by_gdp.dbf sdg_code: sdg01
error on file name hash 

/home/rafd/PRJ_tmp/UNDP_NY/vector_data/Vector_data/SDG1/1.3.1/Proportion_of_population_covered_by_social_protection.dbf
OK proportion_of_population_covered_by_social_protection.dbf sdg_code: sdg01
error on file name hash 

/home/rafd/PRJ_tmp/UNDP_NY/vector_data/Vector_data/SDG1/1.2.1/Proportion_of_population_living_below_the_national_poverty_line.dbf
NOK proportion_of_population_living_below_the_national_poverty_line.dbf sdg_code: sdg01
error on file name hash 
